Performing C SOURCE FILE Test HAVE___DECLSPEC_DLLEXPORT_ failed with the following output:
Change Dir: /home/mpetri/data/dev/parallel-features-mt/build/CMakeFiles/CMakeTmp

Run Build Command:"/usr/bin/make" "cmTC_5a7e0/fast"
/usr/bin/make -f CMakeFiles/cmTC_5a7e0.dir/build.make CMakeFiles/cmTC_5a7e0.dir/build
make[1]: Entering directory '/home/mpetri/data/dev/parallel-features-mt/build/CMakeFiles/CMakeTmp'
Building C object CMakeFiles/cmTC_5a7e0.dir/src.c.o
/usr/bin/cc    -Wall -DHAVE___DECLSPEC_DLLEXPORT_   -o CMakeFiles/cmTC_5a7e0.dir/src.c.o   -c /home/mpetri/data/dev/parallel-features-mt/build/CMakeFiles/CMakeTmp/src.c
/home/mpetri/data/dev/parallel-features-mt/build/CMakeFiles/CMakeTmp/src.c:1:1: warning: return type defaults to ‘int’ [-Wimplicit-int]
 __declspec(dllexport) void func(); void func() { } int main() { func(); return 0; }
 ^~~~~~~~~~
/home/mpetri/data/dev/parallel-features-mt/build/CMakeFiles/CMakeTmp/src.c: In function ‘__declspec’:
/home/mpetri/data/dev/parallel-features-mt/build/CMakeFiles/CMakeTmp/src.c:1:48: error: expected ‘=’, ‘,’, ‘;’, ‘asm’ or ‘__attribute__’ before ‘{’ token
 __declspec(dllexport) void func(); void func() { } int main() { func(); return 0; }
                                                ^
/home/mpetri/data/dev/parallel-features-mt/build/CMakeFiles/CMakeTmp/src.c:1:63: error: expected ‘=’, ‘,’, ‘;’, ‘asm’ or ‘__attribute__’ before ‘{’ token
 __declspec(dllexport) void func(); void func() { } int main() { func(); return 0; }
                                                               ^
/home/mpetri/data/dev/parallel-features-mt/build/CMakeFiles/CMakeTmp/src.c:1:1: warning: type of ‘dllexport’ defaults to ‘int’ [-Wimplicit-int]
 __declspec(dllexport) void func(); void func() { } int main() { func(); return 0; }
 ^~~~~~~~~~
/home/mpetri/data/dev/parallel-features-mt/build/CMakeFiles/CMakeTmp/src.c:1:28: error: declaration for parameter ‘func’ but no such parameter
 __declspec(dllexport) void func(); void func() { } int main() { func(); return 0; }
                            ^~~~
/home/mpetri/data/dev/parallel-features-mt/build/CMakeFiles/CMakeTmp/src.c:1:63: error: expected ‘{’ at end of input
 __declspec(dllexport) void func(); void func() { } int main() { func(); return 0; }
                                                               ^
/home/mpetri/data/dev/parallel-features-mt/build/CMakeFiles/CMakeTmp/src.c:1:63: warning: control reaches end of non-void function [-Wreturn-type]
 __declspec(dllexport) void func(); void func() { } int main() { func(); return 0; }
                                                               ^
CMakeFiles/cmTC_5a7e0.dir/build.make:65: recipe for target 'CMakeFiles/cmTC_5a7e0.dir/src.c.o' failed
make[1]: *** [CMakeFiles/cmTC_5a7e0.dir/src.c.o] Error 1
make[1]: Leaving directory '/home/mpetri/data/dev/parallel-features-mt/build/CMakeFiles/CMakeTmp'
Makefile:126: recipe for target 'cmTC_5a7e0/fast' failed
make: *** [cmTC_5a7e0/fast] Error 2

Source file was:
__declspec(dllexport) void func(); void func() { } int main() { func(); return 0; }
Performing C SOURCE FILE Test HAVE___DECLSPEC_DLLIMPORT_ failed with the following output:
Change Dir: /home/mpetri/data/dev/parallel-features-mt/build/CMakeFiles/CMakeTmp

Run Build Command:"/usr/bin/make" "cmTC_738ae/fast"
/usr/bin/make -f CMakeFiles/cmTC_738ae.dir/build.make CMakeFiles/cmTC_738ae.dir/build
make[1]: Entering directory '/home/mpetri/data/dev/parallel-features-mt/build/CMakeFiles/CMakeTmp'
Building C object CMakeFiles/cmTC_738ae.dir/src.c.o
/usr/bin/cc    -Wall -DHAVE___DECLSPEC_DLLIMPORT_   -o CMakeFiles/cmTC_738ae.dir/src.c.o   -c /home/mpetri/data/dev/parallel-features-mt/build/CMakeFiles/CMakeTmp/src.c
/home/mpetri/data/dev/parallel-features-mt/build/CMakeFiles/CMakeTmp/src.c:1:1: warning: return type defaults to ‘int’ [-Wimplicit-int]
 __declspec(dllimport) void func(); void func() { } int main() { func(); return 0; }
 ^~~~~~~~~~
/home/mpetri/data/dev/parallel-features-mt/build/CMakeFiles/CMakeTmp/src.c: In function ‘__declspec’:
/home/mpetri/data/dev/parallel-features-mt/build/CMakeFiles/CMakeTmp/src.c:1:48: error: expected ‘=’, ‘,’, ‘;’, ‘asm’ or ‘__attribute__’ before ‘{’ token
 __declspec(dllimport) void func(); void func() { } int main() { func(); return 0; }
                                                ^
/home/mpetri/data/dev/parallel-features-mt/build/CMakeFiles/CMakeTmp/src.c:1:63: error: expected ‘=’, ‘,’, ‘;’, ‘asm’ or ‘__attribute__’ before ‘{’ token
 __declspec(dllimport) void func(); void func() { } int main() { func(); return 0; }
                                                               ^
/home/mpetri/data/dev/parallel-features-mt/build/CMakeFiles/CMakeTmp/src.c:1:1: warning: type of ‘dllimport’ defaults to ‘int’ [-Wimplicit-int]
 __declspec(dllimport) void func(); void func() { } int main() { func(); return 0; }
 ^~~~~~~~~~
/home/mpetri/data/dev/parallel-features-mt/build/CMakeFiles/CMakeTmp/src.c:1:28: error: declaration for parameter ‘func’ but no such parameter
 __declspec(dllimport) void func(); void func() { } int main() { func(); return 0; }
                            ^~~~
/home/mpetri/data/dev/parallel-features-mt/build/CMakeFiles/CMakeTmp/src.c:1:63: error: expected ‘{’ at end of input
 __declspec(dllimport) void func(); void func() { } int main() { func(); return 0; }
                                                               ^
/home/mpetri/data/dev/parallel-features-mt/build/CMakeFiles/CMakeTmp/src.c:1:63: warning: control reaches end of non-void function [-Wreturn-type]
 __declspec(dllimport) void func(); void func() { } int main() { func(); return 0; }
                                                               ^
CMakeFiles/cmTC_738ae.dir/build.make:65: recipe for target 'CMakeFiles/cmTC_738ae.dir/src.c.o' failed
make[1]: *** [CMakeFiles/cmTC_738ae.dir/src.c.o] Error 1
make[1]: Leaving directory '/home/mpetri/data/dev/parallel-features-mt/build/CMakeFiles/CMakeTmp'
Makefile:126: recipe for target 'cmTC_738ae/fast' failed
make: *** [cmTC_738ae/fast] Error 2

Source file was:
__declspec(dllimport) void func(); void func() { } int main() { func(); return 0; }
Determining if the pthread_create exist failed with the following output:
Change Dir: /home/mpetri/data/dev/parallel-features-mt/build/CMakeFiles/CMakeTmp

Run Build Command:"/usr/bin/make" "cmTC_cab8f/fast"
/usr/bin/make -f CMakeFiles/cmTC_cab8f.dir/build.make CMakeFiles/cmTC_cab8f.dir/build
make[1]: Entering directory '/home/mpetri/data/dev/parallel-features-mt/build/CMakeFiles/CMakeTmp'
Building C object CMakeFiles/cmTC_cab8f.dir/CheckSymbolExists.c.o
/usr/bin/cc     -o CMakeFiles/cmTC_cab8f.dir/CheckSymbolExists.c.o   -c /home/mpetri/data/dev/parallel-features-mt/build/CMakeFiles/CMakeTmp/CheckSymbolExists.c
Linking C executable cmTC_cab8f
/usr/bin/cmake -E cmake_link_script CMakeFiles/cmTC_cab8f.dir/link.txt --verbose=1
/usr/bin/cc       CMakeFiles/cmTC_cab8f.dir/CheckSymbolExists.c.o  -o cmTC_cab8f -rdynamic 
CMakeFiles/cmTC_cab8f.dir/CheckSymbolExists.c.o: In function `main':
CheckSymbolExists.c:(.text+0x1b): undefined reference to `pthread_create'
collect2: error: ld returned 1 exit status
CMakeFiles/cmTC_cab8f.dir/build.make:97: recipe for target 'cmTC_cab8f' failed
make[1]: *** [cmTC_cab8f] Error 1
make[1]: Leaving directory '/home/mpetri/data/dev/parallel-features-mt/build/CMakeFiles/CMakeTmp'
Makefile:126: recipe for target 'cmTC_cab8f/fast' failed
make: *** [cmTC_cab8f/fast] Error 2

File /home/mpetri/data/dev/parallel-features-mt/build/CMakeFiles/CMakeTmp/CheckSymbolExists.c:
/* */
#include <pthread.h>

int main(int argc, char** argv)
{
  (void)argv;
#ifndef pthread_create
  return ((int*)(&pthread_create))[argc];
#else
  (void)argc;
  return 0;
#endif
}

Determining if the function pthread_create exists in the pthreads failed with the following output:
Change Dir: /home/mpetri/data/dev/parallel-features-mt/build/CMakeFiles/CMakeTmp

Run Build Command:"/usr/bin/make" "cmTC_6c0af/fast"
/usr/bin/make -f CMakeFiles/cmTC_6c0af.dir/build.make CMakeFiles/cmTC_6c0af.dir/build
make[1]: Entering directory '/home/mpetri/data/dev/parallel-features-mt/build/CMakeFiles/CMakeTmp'
Building C object CMakeFiles/cmTC_6c0af.dir/CheckFunctionExists.c.o
/usr/bin/cc    -DCHECK_FUNCTION_EXISTS=pthread_create   -o CMakeFiles/cmTC_6c0af.dir/CheckFunctionExists.c.o   -c /usr/share/cmake-3.7/Modules/CheckFunctionExists.c
Linking C executable cmTC_6c0af
/usr/bin/cmake -E cmake_link_script CMakeFiles/cmTC_6c0af.dir/link.txt --verbose=1
/usr/bin/cc   -DCHECK_FUNCTION_EXISTS=pthread_create    CMakeFiles/cmTC_6c0af.dir/CheckFunctionExists.c.o  -o cmTC_6c0af -rdynamic -lpthreads 
/usr/bin/ld: cannot find -lpthreads
collect2: error: ld returned 1 exit status
CMakeFiles/cmTC_6c0af.dir/build.make:97: recipe for target 'cmTC_6c0af' failed
make[1]: *** [cmTC_6c0af] Error 1
make[1]: Leaving directory '/home/mpetri/data/dev/parallel-features-mt/build/CMakeFiles/CMakeTmp'
Makefile:126: recipe for target 'cmTC_6c0af/fast' failed
make: *** [cmTC_6c0af/fast] Error 2


